<?xml version="1.0" encoding="UTF-8"?>
<testng-results ignored="0" total="1" passed="1" failed="0" skipped="0">
  <reporter-output>
  </reporter-output>
  <suite started-at="2022-06-17T21:51:44 IST" name="Default suite" finished-at="2022-06-17T21:53:21 IST" duration-ms="97078">
    <groups>
    </groups>
    <test started-at="2022-06-17T21:51:44 IST" name="Default test" finished-at="2022-06-17T21:53:21 IST" duration-ms="97078">
      <class name="Testcases.LoginPageApplication">
        <test-method signature="Login()[pri:0, instance:Testcases.LoginPageApplication@4d5b6aac]" started-at="2022-06-17T21:51:44 IST" name="Login" finished-at="2022-06-17T21:53:21 IST" duration-ms="97005" status="PASS">
          <reporter-output>
          </reporter-output>
        </test-method> <!-- Login -->
      </class> <!-- Testcases.LoginPageApplication -->
    </test> <!-- Default test -->
  </suite> <!-- Default suite -->
</testng-results>
